c:\users\luiza\source\repos\des\execframeworkdes\des\des\x64\debug\vc142.pdb
c:\users\luiza\source\repos\des\execframeworkdes\des\des\x64\debug\vc142.idb
c:\users\luiza\source\repos\des\execframeworkdes\des\des\x64\debug\main.nativecodeanalysis.sarif
c:\users\luiza\source\repos\des\execframeworkdes\des\des\x64\debug\main.nativecodeanalysis.xml
c:\users\luiza\source\repos\des\execframeworkdes\des\des\x64\debug\opencl_arguments.nativecodeanalysis.sarif
c:\users\luiza\source\repos\des\execframeworkdes\des\des\x64\debug\opencl_arguments.nativecodeanalysis.xml
c:\users\luiza\source\repos\des\execframeworkdes\des\des\x64\debug\translation.nativecodeanalysis.sarif
c:\users\luiza\source\repos\des\execframeworkdes\des\des\x64\debug\translation.nativecodeanalysis.xml
c:\users\luiza\source\repos\des\execframeworkdes\des\des\x64\debug\utils.nativecodeanalysis.sarif
c:\users\luiza\source\repos\des\execframeworkdes\des\des\x64\debug\utils.nativecodeanalysis.xml
c:\users\luiza\source\repos\des\execframeworkdes\des\des\x64\debug\host.nativecodeanalysis.sarif
c:\users\luiza\source\repos\des\execframeworkdes\des\des\x64\debug\host.nativecodeanalysis.xml
c:\users\luiza\source\repos\des\execframeworkdes\des\des\x64\debug\host.obj
c:\users\luiza\source\repos\des\execframeworkdes\des\des\x64\debug\utils.obj
c:\users\luiza\source\repos\des\execframeworkdes\des\des\x64\debug\translation.obj
c:\users\luiza\source\repos\des\execframeworkdes\des\des\x64\debug\opencl_arguments.obj
c:\users\luiza\source\repos\des\execframeworkdes\des\des\x64\debug\main.obj
c:\users\luiza\source\repos\des\execframeworkdes\des\x64\debug\des.exe
c:\users\luiza\source\repos\des\execframeworkdes\des\des\x64\debug\des.tlog\cl.command.1.tlog
c:\users\luiza\source\repos\des\execframeworkdes\des\des\x64\debug\des.tlog\cl.read.1.tlog
c:\users\luiza\source\repos\des\execframeworkdes\des\des\x64\debug\des.tlog\cl.write.1.tlog
c:\users\luiza\source\repos\des\execframeworkdes\des\des\x64\debug\des.tlog\link.command.1.tlog
c:\users\luiza\source\repos\des\execframeworkdes\des\des\x64\debug\des.tlog\link.read.1.tlog
c:\users\luiza\source\repos\des\execframeworkdes\des\des\x64\debug\des.tlog\link.write.1.tlog
