c:\users\levi\documents\visual studio 2019\projectsvs19\dataencryptionstandard\desexecutable\des\des\connector.out
c:\users\levi\documents\visual studio 2019\projectsvs19\dataencryptionstandard\desexecutable\des\des\extend.out
c:\users\levi\documents\visual studio 2019\projectsvs19\dataencryptionstandard\desexecutable\des\des\pc1.out
c:\users\levi\documents\visual studio 2019\projectsvs19\dataencryptionstandard\desexecutable\des\des\pc2.out
c:\users\levi\documents\visual studio 2019\projectsvs19\dataencryptionstandard\desexecutable\des\des\permutation.out
c:\users\levi\documents\visual studio 2019\projectsvs19\dataencryptionstandard\desexecutable\des\des\shift_rl1.out
c:\users\levi\documents\visual studio 2019\projectsvs19\dataencryptionstandard\desexecutable\des\des\shift_rl2.out
c:\users\levi\documents\visual studio 2019\projectsvs19\dataencryptionstandard\desexecutable\des\des\xor32bits.out
c:\users\levi\documents\visual studio 2019\projectsvs19\dataencryptionstandard\desexecutable\des\des\xor48bits.out
c:\users\levi\documents\visual studio 2019\projectsvs19\dataencryptionstandard\desexecutable\des\des\debug\vc142.pdb
c:\users\levi\documents\visual studio 2019\projectsvs19\dataencryptionstandard\desexecutable\des\des\debug\host.obj
c:\users\levi\documents\visual studio 2019\projectsvs19\dataencryptionstandard\desexecutable\des\des\debug\utils.obj
c:\users\levi\documents\visual studio 2019\projectsvs19\dataencryptionstandard\desexecutable\des\des\debug\translation.obj
c:\users\levi\documents\visual studio 2019\projectsvs19\dataencryptionstandard\desexecutable\des\des\debug\opencl_arguments.obj
c:\users\levi\documents\visual studio 2019\projectsvs19\dataencryptionstandard\desexecutable\des\des\debug\main.obj
c:\users\levi\documents\visual studio 2019\projectsvs19\dataencryptionstandard\desexecutable\des\debug\des.ilk
c:\users\levi\documents\visual studio 2019\projectsvs19\dataencryptionstandard\desexecutable\des\debug\des.exe
c:\users\levi\documents\visual studio 2019\projectsvs19\dataencryptionstandard\desexecutable\des\debug\des.pdb
c:\users\levi\documents\visual studio 2019\projectsvs19\dataencryptionstandard\desexecutable\des\des\debug\des.write.1.tlog
c:\users\levi\documents\visual studio 2019\projectsvs19\dataencryptionstandard\desexecutable\des\des\debug\des.tlog\cl.command.1.tlog
c:\users\levi\documents\visual studio 2019\projectsvs19\dataencryptionstandard\desexecutable\des\des\debug\des.tlog\cl.read.1.tlog
c:\users\levi\documents\visual studio 2019\projectsvs19\dataencryptionstandard\desexecutable\des\des\debug\des.tlog\cl.write.1.tlog
c:\users\levi\documents\visual studio 2019\projectsvs19\dataencryptionstandard\desexecutable\des\des\debug\des.tlog\link.command.1.tlog
c:\users\levi\documents\visual studio 2019\projectsvs19\dataencryptionstandard\desexecutable\des\des\debug\des.tlog\link.read.1.tlog
c:\users\levi\documents\visual studio 2019\projectsvs19\dataencryptionstandard\desexecutable\des\des\debug\des.tlog\link.write.1.tlog
