  Preprocessing: connector.cl
  Preprocessing: extend.cl
  Preprocessing: pc1.cl
  Preprocessing: pc2.cl
  Preprocessing: permutation.cl
  Preprocessing: shift_RL1.cl
  Preprocessing: shift_RL2.cl
  Preprocessing: xor32bits.cl
  Preprocessing: xor48bits.cl
  Using build options:  -I "C:\Users\Levi\Documents\Visual Studio 2019\ProjectsVS19\DataEncryptionStandard\DesOutput"
  Setting target instruction set architecture to: Default (Intel(R) Advanced Vector Extensions 2 (Intel(R) AVX2))
  Platform name: Intel(R) OpenCL
  Device name: Intel(R) Core(TM) i7-4600U CPU @ 2.10GHz
  Device version: OpenCL 1.2 (Build 10094)
  Device vendor: Intel(R) Corporation
  Device profile: FULL_PROFILE
  Compilation started
  Compilation done
  Linking started
  Linking done
  Device build started
  Device build done
  Kernel <action$114> was not vectorized
  Done.
  action$114 info:
  	Maximum work-group size: 8192
  	Compiler work-group size: (0, 0, 0)
  	Local memory size: 0
  	Preferred multiple of work-group size: 128
  	Minimum amount of private memory: 0
  
  Build succeeded!
  
  Using build options:  -I "C:\Users\Levi\Documents\Visual Studio 2019\ProjectsVS19\DataEncryptionStandard\DesOutput"
  Setting target instruction set architecture to: Default (Intel(R) Advanced Vector Extensions 2 (Intel(R) AVX2))
  Platform name: Intel(R) OpenCL
  Device name: Intel(R) Core(TM) i7-4600U CPU @ 2.10GHz
  Device version: OpenCL 1.2 (Build 10094)
  Device vendor: Intel(R) Corporation
  Device profile: FULL_PROFILE
  Compilation started
  Compilation done
  Linking started
  Linking done
  Device build started
  Device build done
  Kernel <action$16> was successfully vectorized (8)
  Done.
  action$16 info:
  	Maximum work-group size: 8192
  	Compiler work-group size: (0, 0, 0)
  	Local memory size: 0
  	Preferred multiple of work-group size: 128
  	Minimum amount of private memory: 128
  
  Build succeeded!
  
  Using build options:  -I "C:\Users\Levi\Documents\Visual Studio 2019\ProjectsVS19\DataEncryptionStandard\DesOutput"
  Setting target instruction set architecture to: Default (Intel(R) Advanced Vector Extensions 2 (Intel(R) AVX2))
  Platform name: Intel(R) OpenCL
  Device name: Intel(R) Core(TM) i7-4600U CPU @ 2.10GHz
  Device version: OpenCL 1.2 (Build 10094)
  Device vendor: Intel(R) Corporation
  Device profile: FULL_PROFILE
  Compilation started
  Compilation done
  Linking started
  Linking done
  Device build started
  Device build done
  Kernel <action$18> was successfully vectorized (8)
  Done.
  action$18 info:
  	Maximum work-group size: 8192
  	Compiler work-group size: (0, 0, 0)
  	Local memory size: 0
  	Preferred multiple of work-group size: 128
  	Minimum amount of private memory: 256
  
  Build succeeded!
  
  Using build options:  -I "C:\Users\Levi\Documents\Visual Studio 2019\ProjectsVS19\DataEncryptionStandard\DesOutput"
  Setting target instruction set architecture to: Default (Intel(R) Advanced Vector Extensions 2 (Intel(R) AVX2))
  Platform name: Intel(R) OpenCL
  Device name: Intel(R) Core(TM) i7-4600U CPU @ 2.10GHz
  Device version: OpenCL 1.2 (Build 10094)
  Device vendor: Intel(R) Corporation
  Device profile: FULL_PROFILE
  Compilation started
  Compilation done
  Linking started
  Linking done
  Device build started
  Device build done
  Kernel <action$34> was successfully vectorized (8)
  Done.
  action$34 info:
  	Maximum work-group size: 8192
  	Compiler work-group size: (0, 0, 0)
  	Local memory size: 0
  	Preferred multiple of work-group size: 128
  	Minimum amount of private memory: 128
  
  Build succeeded!
  
  Using build options:  -I "C:\Users\Levi\Documents\Visual Studio 2019\ProjectsVS19\DataEncryptionStandard\DesOutput"
  Setting target instruction set architecture to: Default (Intel(R) Advanced Vector Extensions 2 (Intel(R) AVX2))
  Platform name: Intel(R) OpenCL
  Device name: Intel(R) Core(TM) i7-4600U CPU @ 2.10GHz
  Device version: OpenCL 1.2 (Build 10094)
  Device vendor: Intel(R) Corporation
  Device profile: FULL_PROFILE
  Compilation started
  Compilation done
  Linking started
  Linking done
  Device build started
  Device build done
  Kernel <action$130> was successfully vectorized (8)
  Done.
  action$130 info:
  	Maximum work-group size: 8192
  	Compiler work-group size: (0, 0, 0)
  	Local memory size: 0
  	Preferred multiple of work-group size: 128
  	Minimum amount of private memory: 128
  
  Build succeeded!
  
  Using build options:  -I "C:\Users\Levi\Documents\Visual Studio 2019\ProjectsVS19\DataEncryptionStandard\DesOutput"
  Setting target instruction set architecture to: Default (Intel(R) Advanced Vector Extensions 2 (Intel(R) AVX2))
  Platform name: Intel(R) OpenCL
  Device name: Intel(R) Core(TM) i7-4600U CPU @ 2.10GHz
  Device version: OpenCL 1.2 (Build 10094)
  Device vendor: Intel(R) Corporation
  Device profile: FULL_PROFILE
  Compilation started
  Compilation done
  Linking started
  Linking done
  Device build started
  Device build done
  Kernel <action$66> was successfully vectorized (8)
  Done.
  action$66 info:
  	Maximum work-group size: 8192
  	Compiler work-group size: (0, 0, 0)
  	Local memory size: 0
  	Preferred multiple of work-group size: 128
  	Minimum amount of private memory: 128
  
  Build succeeded!
  
  Using build options:  -I "C:\Users\Levi\Documents\Visual Studio 2019\ProjectsVS19\DataEncryptionStandard\DesOutput"
  Setting target instruction set architecture to: Default (Intel(R) Advanced Vector Extensions 2 (Intel(R) AVX2))
  Platform name: Intel(R) OpenCL
  Device name: Intel(R) Core(TM) i7-4600U CPU @ 2.10GHz
  Device version: OpenCL 1.2 (Build 10094)
  Device vendor: Intel(R) Corporation
  Device profile: FULL_PROFILE
  Compilation started
  Compilation done
  Linking started
  Linking done
  Device build started
  Device build done
  Kernel <action$62> was successfully vectorized (8)
  Done.
  action$62 info:
  	Maximum work-group size: 8192
  	Compiler work-group size: (0, 0, 0)
  	Local memory size: 0
  	Preferred multiple of work-group size: 128
  	Minimum amount of private memory: 128
  
  Build succeeded!
  
  Using build options:  -I "C:\Users\Levi\Documents\Visual Studio 2019\ProjectsVS19\DataEncryptionStandard\DesOutput"
  Setting target instruction set architecture to: Default (Intel(R) Advanced Vector Extensions 2 (Intel(R) AVX2))
  Platform name: Intel(R) OpenCL
  Device name: Intel(R) Core(TM) i7-4600U CPU @ 2.10GHz
  Device version: OpenCL 1.2 (Build 10094)
  Device vendor: Intel(R) Corporation
  Device profile: FULL_PROFILE
  Compilation started
  Compilation done
  Linking started
  Linking done
  Device build started
  Device build done
  Kernel <action$98> was successfully vectorized (8)
  Done.
  action$98 info:
  	Maximum work-group size: 8192
  	Compiler work-group size: (0, 0, 0)
  	Local memory size: 0
  	Preferred multiple of work-group size: 128
  	Minimum amount of private memory: 128
  
  Build succeeded!
  
  Using build options:  -I "C:\Users\Levi\Documents\Visual Studio 2019\ProjectsVS19\DataEncryptionStandard\DesOutput"
  Setting target instruction set architecture to: Default (Intel(R) Advanced Vector Extensions 2 (Intel(R) AVX2))
  Platform name: Intel(R) OpenCL
  Device name: Intel(R) Core(TM) i7-4600U CPU @ 2.10GHz
  Device version: OpenCL 1.2 (Build 10094)
  Device vendor: Intel(R) Corporation
  Device profile: FULL_PROFILE
  Compilation started
  Compilation done
  Linking started
  Linking done
  Device build started
  Device build done
  Kernel <action$82> was successfully vectorized (8)
  Done.
  action$82 info:
  	Maximum work-group size: 8192
  	Compiler work-group size: (0, 0, 0)
  	Local memory size: 0
  	Preferred multiple of work-group size: 128
  	Minimum amount of private memory: 128
  
  Build succeeded!
  
  main.cpp
  cl_version.h: CL_TARGET_OPENCL_VERSION is not defined. Defaulting to 220 (OpenCL 2.2)
C:\Users\Levi\Documents\Visual Studio 2019\ProjectsVS19\DataEncryptionStandard\DesOutput\main.cpp(3657,7): warning C4834: Der Rückgabewert einer Funktion mit dem "nodiscard"-Attribut wird verworfen.
C:\Users\Levi\Documents\Visual Studio 2019\ProjectsVS19\DataEncryptionStandard\DesOutput\main.cpp(3658,7): warning C4834: Der Rückgabewert einer Funktion mit dem "nodiscard"-Attribut wird verworfen.
C:\Users\Levi\Documents\Visual Studio 2019\ProjectsVS19\DataEncryptionStandard\DesOutput\main.cpp(3659,7): warning C4834: Der Rückgabewert einer Funktion mit dem "nodiscard"-Attribut wird verworfen.
C:\Users\Levi\Documents\Visual Studio 2019\ProjectsVS19\DataEncryptionStandard\DesOutput\main.cpp(3660,7): warning C4834: Der Rückgabewert einer Funktion mit dem "nodiscard"-Attribut wird verworfen.
C:\Users\Levi\Documents\Visual Studio 2019\ProjectsVS19\DataEncryptionStandard\DesOutput\main.cpp(3661,7): warning C4834: Der Rückgabewert einer Funktion mit dem "nodiscard"-Attribut wird verworfen.
C:\Users\Levi\Documents\Visual Studio 2019\ProjectsVS19\DataEncryptionStandard\DesOutput\Port.hpp(88,10): warning C4477: "printf": Die Formatzeichenfolge "%s" erfordert ein Argument vom Typ "char *", das variadic-Argument "1" weist aber den Typ "std::string" auf.
C:\Users\Levi\Documents\Visual Studio 2019\ProjectsVS19\DataEncryptionStandard\DesOutput\Port.hpp(83): message : beim Kompilieren der Klasse Vorlage-Memberfunktion "cl_mem *Port<bool,100000>::get_read_buffer(const int,opencl_arguments &)"
C:\Users\Levi\Documents\Visual Studio 2019\ProjectsVS19\DataEncryptionStandard\DesOutput\connector.hpp(32): message : Siehe Verweis auf die gerade kompilierte Instanziierung "cl_mem *Port<bool,100000>::get_read_buffer(const int,opencl_arguments &)" der Funktions-Vorlage.
C:\Users\Levi\Documents\Visual Studio 2019\ProjectsVS19\DataEncryptionStandard\DesOutput\connector.hpp(28): message : Siehe Verweis auf die gerade kompilierte Klasse Vorlage-Instanziierung "Port<bool,100000>".
C:\Users\Levi\Documents\Visual Studio 2019\ProjectsVS19\DataEncryptionStandard\DesOutput\Port.hpp(94,10): warning C4477: "printf": Die Formatzeichenfolge "%s" erfordert ein Argument vom Typ "char *", das variadic-Argument "1" weist aber den Typ "std::string" auf.
C:\Users\Levi\Documents\Visual Studio 2019\ProjectsVS19\DataEncryptionStandard\DesOutput\Port.hpp(100,10): warning C4477: "printf": Die Formatzeichenfolge "%s" erfordert ein Argument vom Typ "char *", das variadic-Argument "1" weist aber den Typ "std::string" auf.
C:\Users\Levi\Documents\Visual Studio 2019\ProjectsVS19\DataEncryptionStandard\DesOutput\Port.hpp(117,10): warning C4477: "printf": Die Formatzeichenfolge "%s" erfordert ein Argument vom Typ "char *", das variadic-Argument "1" weist aber den Typ "std::string" auf.
C:\Users\Levi\Documents\Visual Studio 2019\ProjectsVS19\DataEncryptionStandard\DesOutput\Port.hpp(129,10): warning C4477: "printf": Die Formatzeichenfolge "%s" erfordert ein Argument vom Typ "char *", das variadic-Argument "1" weist aber den Typ "std::string" auf.
C:\Users\Levi\Documents\Visual Studio 2019\ProjectsVS19\DataEncryptionStandard\DesOutput\Port.hpp(124): message : beim Kompilieren der Klasse Vorlage-Memberfunktion "cl_mem *Port<bool,100000>::get_write_buffer(const int,opencl_arguments &)"
C:\Users\Levi\Documents\Visual Studio 2019\ProjectsVS19\DataEncryptionStandard\DesOutput\connector.hpp(40): message : Siehe Verweis auf die gerade kompilierte Instanziierung "cl_mem *Port<bool,100000>::get_write_buffer(const int,opencl_arguments &)" der Funktions-Vorlage.
C:\Users\Levi\Documents\Visual Studio 2019\ProjectsVS19\DataEncryptionStandard\DesOutput\Port.hpp(143,10): warning C4477: "printf": Die Formatzeichenfolge "%s" erfordert ein Argument vom Typ "char *", das variadic-Argument "1" weist aber den Typ "std::string" auf.
C:\Users\Levi\Documents\Visual Studio 2019\ProjectsVS19\DataEncryptionStandard\DesOutput\Port.hpp(137): message : beim Kompilieren der Klasse Vorlage-Memberfunktion "void Port<bool,100000>::opencl_read_done(void)"
C:\Users\Levi\Documents\Visual Studio 2019\ProjectsVS19\DataEncryptionStandard\DesOutput\connector.hpp(56): message : Siehe Verweis auf die gerade kompilierte Instanziierung "void Port<bool,100000>::opencl_read_done(void)" der Funktions-Vorlage.
C:\Users\Levi\Documents\Visual Studio 2019\ProjectsVS19\DataEncryptionStandard\DesOutput\Port.hpp(156,10): warning C4477: "printf": Die Formatzeichenfolge "%s" erfordert ein Argument vom Typ "char *", das variadic-Argument "1" weist aber den Typ "std::string" auf.
C:\Users\Levi\Documents\Visual Studio 2019\ProjectsVS19\DataEncryptionStandard\DesOutput\Port.hpp(150): message : beim Kompilieren der Klasse Vorlage-Memberfunktion "void Port<bool,100000>::opencl_write_done(opencl_arguments &)"
C:\Users\Levi\Documents\Visual Studio 2019\ProjectsVS19\DataEncryptionStandard\DesOutput\connector.hpp(64): message : Siehe Verweis auf die gerade kompilierte Instanziierung "void Port<bool,100000>::opencl_write_done(opencl_arguments &)" der Funktions-Vorlage.
C:\Users\Levi\Documents\Visual Studio 2019\ProjectsVS19\DataEncryptionStandard\DesOutput\Port.hpp(162,10): warning C4477: "printf": Die Formatzeichenfolge "%s" erfordert ein Argument vom Typ "char *", das variadic-Argument "1" weist aber den Typ "std::string" auf.
C:\Users\Levi\Documents\Visual Studio 2019\ProjectsVS19\DataEncryptionStandard\DesOutput\Port.hpp(179,10): warning C4477: "printf": Die Formatzeichenfolge "%s" erfordert ein Argument vom Typ "char *", das variadic-Argument "1" weist aber den Typ "std::string" auf.
  opencl_arguments.cpp
  cl_version.h: CL_TARGET_OPENCL_VERSION is not defined. Defaulting to 220 (OpenCL 2.2)
C:\Users\Levi\Documents\Visual Studio 2019\ProjectsVS19\DataEncryptionStandard\DesOutput\opencl_arguments.cpp(17,19): warning C4018: "<": Konflikt zwischen "signed" und "unsigned"
  Translation.cpp
  cl_version.h: CL_TARGET_OPENCL_VERSION is not defined. Defaulting to 220 (OpenCL 2.2)
  utils.cpp
  cl_version.h: CL_TARGET_OPENCL_VERSION is not defined. Defaulting to 220 (OpenCL 2.2)
C:\Users\Levi\Documents\Visual Studio 2019\ProjectsVS19\DataEncryptionStandard\DesOutput\utils.cpp(173,23): warning C4996: 'clCreateCommandQueue': wurde als veraltet deklariert
C:\Users\Levi\Documents\Visual Studio 2019\ProjectsVS19\DataEncryptionStandard\DesOutput\utils.cpp(304,21): warning C4018: "<": Konflikt zwischen "signed" und "unsigned"
C:\Users\Levi\Documents\Visual Studio 2019\ProjectsVS19\DataEncryptionStandard\DesOutput\utils.cpp(328,11): warning C4477: "printf": Die Formatzeichenfolge "%s" erfordert ein Argument vom Typ "char *", das variadic-Argument "1" weist aber den Typ "std::string" auf.
C:\Users\Levi\Documents\Visual Studio 2019\ProjectsVS19\DataEncryptionStandard\DesOutput\utils.cpp(384,9): warning C4477: "printf": Die Formatzeichenfolge "%d" erfordert ein Argument vom Typ "int", das variadic-Argument "1" weist aber den Typ "cl_device_id" auf.
C:\Users\Levi\Documents\Visual Studio 2019\ProjectsVS19\DataEncryptionStandard\DesOutput\utils.cpp(461,23): warning C4996: 'clCreateCommandQueue': wurde als veraltet deklariert
C:\Users\Levi\Documents\Visual Studio 2019\ProjectsVS19\DataEncryptionStandard\DesOutput\utils.cpp(495,20): warning C4018: "<": Konflikt zwischen "signed" und "unsigned"
C:\Users\Levi\Documents\Visual Studio 2019\ProjectsVS19\DataEncryptionStandard\DesOutput\utils.cpp(515,21): warning C4018: "<": Konflikt zwischen "signed" und "unsigned"
  host.cpp
  Code wird generiert...
  DES.vcxproj -> C:\Users\Levi\Documents\Visual Studio 2019\ProjectsVS19\DataEncryptionStandard\DesExecutable\DES\Debug\DES.exe
