Using build options:  -I "C:\Users\Levi\Documents\Visual Studio 2019\ProjectsVS19\DataEncryptionStandard\DesOutput"
Setting target instruction set architecture to: Default (Intel(R) Advanced Vector Extensions 2 (Intel(R) AVX2))
Platform name: Intel(R) OpenCL
Device name: Intel(R) Core(TM) i7-4600U CPU @ 2.10GHz
Device version: OpenCL 1.2 (Build 10094)
Device vendor: Intel(R) Corporation
Device profile: FULL_PROFILE
Compilation started
Compilation done
Linking started
Linking done
Device build started
Device build done
Kernel <action$34> was successfully vectorized (8)
Done.
action$34 info:
	Maximum work-group size: 8192
	Compiler work-group size: (0, 0, 0)
	Local memory size: 0
	Preferred multiple of work-group size: 128
	Minimum amount of private memory: 128

Build succeeded!
